SF:/Users/macbookpro/StudioProjects/string_calculator_kata/lib/application/string_calculator.dart
DA:23,1
DA:39,1
DA:41,1
DA:43,2
DA:44,2
DA:45,1
DA:46,1
DA:49,1
DA:50,2
DA:51,3
DA:54,2
DA:57,2
DA:58,1
LF:13
LH:13
end_of_record
SF:/Users/macbookpro/StudioProjects/string_calculator_kata/lib/domain/contracts.dart
DA:42,2
LF:1
LH:1
end_of_record
SF:/Users/macbookpro/StudioProjects/string_calculator_kata/lib/infrastructure/delimiter_parser.dart
DA:11,3
DA:15,2
DA:17,2
DA:18,2
DA:21,2
DA:22,4
DA:28,2
DA:29,4
DA:31,2
DA:32,8
DA:36,2
DA:43,2
DA:44,4
DA:46,2
DA:48,4
DA:49,6
DA:50,4
DA:51,4
DA:54,6
DA:55,2
DA:60,2
LF:21
LH:21
end_of_record
SF:/Users/macbookpro/StudioProjects/string_calculator_kata/lib/infrastructure/number_parser.dart
DA:7,3
DA:9,2
DA:11,4
DA:12,2
LF:4
LH:4
end_of_record
SF:/Users/macbookpro/StudioProjects/string_calculator_kata/lib/infrastructure/policies.dart
DA:7,3
DA:9,2
DA:11,8
DA:12,2
DA:13,2
LF:5
LH:5
end_of_record
SF:/Users/macbookpro/StudioProjects/string_calculator_kata/lib/infrastructure/tokenizer.dart
DA:8,3
DA:10,2
DA:15,4
DA:16,4
DA:18,4
DA:19,2
DA:20,2
LF:7
LH:7
end_of_record
SF:/Users/macbookpro/StudioProjects/string_calculator_kata/lib/domain/errors.dart
DA:7,2
DA:13,6
DA:22,2
DA:23,6
LF:4
LH:4
end_of_record
